<?xml version="1.0" encoding="UTF-8"?>
<!-- Generated by org.testng.reporters.JUnitReportReporter -->
<testsuite skipped="0" hostname="Administrator" name="Example.ExampleTest" tests="18" failures="0" timestamp="24 апр 2017 13:17:33 GMT" time="211.785" errors="0">
  <testcase name="formlogInWithClickLinkRegistration" time="9.655" classname="Example.ExampleTest"/>
  <testcase name="formlogInWithClickLinkImageDns1" time="12.840" classname="Example.ExampleTest"/>
  <testcase name="logInWithoutInputEmail" time="10.410" classname="Example.ExampleTest"/>
  <testcase name="logInWithoutInputPhone" time="10.036" classname="Example.ExampleTest"/>
  <testcase name="formlogInWithClickLinkForgotPassword" time="10.555" classname="Example.ExampleTest"/>
  <testcase name="logInWithoutInputPassword" time="10.247" classname="Example.ExampleTest"/>
  <testcase name="formlogInWithClickLinkImageDns2" time="13.854" classname="Example.ExampleTest"/>
  <testcase name="formlogInWithClickLinkImageDns4" time="9.436" classname="Example.ExampleTest"/>
  <testcase name="logInWithInputInvalidPassword" time="11.737" classname="Example.ExampleTest"/>
  <testcase name="LogInWithInputInvalidPasswordPressedRadioButtonPhone" time="15.514" classname="Example.ExampleTest"/>
  <testcase name="formlogInWithClickLinkImageDns3" time="12.913" classname="Example.ExampleTest"/>
  <testcase name="logInWithVoidValuePressedRadioButtonPhone" time="10.739" classname="Example.ExampleTest"/>
  <testcase name="logInLogOut" time="19.339" classname="Example.ExampleTest"/>
  <testcase name="logInWithVoidValue" time="11.051" classname="Example.ExampleTest"/>
  <testcase name="logInWithInputInvalidPhonePressed" time="11.250" classname="Example.ExampleTest"/>
  <testcase name="logInWithShowPassword" time="13.248" classname="Example.ExampleTest"/>
  <testcase name="logInWithoutInputPasswordPressedRadioButtonPhone" time="9.638" classname="Example.ExampleTest"/>
  <testcase name="logInWithInputInvalidEmail" time="9.323" classname="Example.ExampleTest"/>
</testsuite> <!-- Example.ExampleTest -->
