<?xml version="1.0" encoding="UTF-8"?>
<!-- Generated by org.testng.reporters.JUnitReportReporter -->
<testsuite skipped="0" hostname="Administrator" name="Example.ExampleTest" tests="18" failures="0" timestamp="19 апр 2017 12:54:16 GMT" time="218.411" errors="0">
  <testcase name="logInWithInputInvalidPassword" time="15.181" classname="Example.ExampleTest"/>
  <testcase name="logInWithInputInvalidEmal" time="10.322" classname="Example.ExampleTest"/>
  <testcase name="logInWithoutInputPasswordPressedRadioButtonPhone" time="11.256" classname="Example.ExampleTest"/>
  <testcase name="LogInWithInputInvalidPasswordPressedRadioButtonPhone" time="16.134" classname="Example.ExampleTest"/>
  <testcase name="logInWithInputInvalidPhonePressed" time="12.236" classname="Example.ExampleTest"/>
  <testcase name="logInWithoutInputEmail" time="8.700" classname="Example.ExampleTest"/>
  <testcase name="logInWithoutInputPassword" time="10.202" classname="Example.ExampleTest"/>
  <testcase name="formlogInWithClickLinkImageDns1" time="13.058" classname="Example.ExampleTest"/>
  <testcase name="formlogInWithClickLinkImageDns3" time="14.535" classname="Example.ExampleTest"/>
  <testcase name="logInWithShowPassword" time="12.170" classname="Example.ExampleTest"/>
  <testcase name="logInWithVoidValue" time="9.912" classname="Example.ExampleTest"/>
  <testcase name="logInWithVoidValuePressedRadioButtonPhone" time="11.278" classname="Example.ExampleTest"/>
  <testcase name="formlogInWithClickLinkForgotPassword" time="11.404" classname="Example.ExampleTest"/>
  <testcase name="logInLogOut" time="17.769" classname="Example.ExampleTest"/>
  <testcase name="formlogInWithClickLinkImageDns4" time="12.354" classname="Example.ExampleTest"/>
  <testcase name="formlogInWithClickLinkRegistration" time="10.274" classname="Example.ExampleTest"/>
  <testcase name="formlogInWithClickLinkImageDns2" time="11.700" classname="Example.ExampleTest"/>
  <testcase name="logInWithoutInputPhone" time="9.926" classname="Example.ExampleTest"/>
</testsuite> <!-- Example.ExampleTest -->
