<?xml version="1.0" encoding="UTF-8"?>
<!-- Generated by org.testng.reporters.JUnitReportReporter -->
<testsuite skipped="0" hostname="Administrator" name="Example.ExampleTest" tests="18" failures="1" timestamp="21 апр 2017 05:24:47 GMT" time="241.359" errors="0">
  <testcase name="formlogInWithClickLinkImageDns4" time="16.295" classname="Example.ExampleTest"/>
  <testcase name="logInWithoutInputPasswordPressedRadioButtonPhone" time="10.393" classname="Example.ExampleTest"/>
  <testcase name="logInWithShowPassword" time="12.712" classname="Example.ExampleTest"/>
  <testcase name="logInWithoutInputPhone" time="8.276" classname="Example.ExampleTest"/>
  <testcase name="formlogInWithClickLinkImageDns3" time="16.550" classname="Example.ExampleTest"/>
  <testcase name="logInWithInputInvalidPassword" time="11.355" classname="Example.ExampleTest">
    <failure type="java.lang.AssertionError" message="expected [] but found [Ошибка! Неправильная пара логин или пароль]">
      <![CDATA[java.lang.AssertionError: expected [] but found [Ошибка! Неправильная пара логин или пароль]
	at org.testng.Assert.fail(Assert.java:93)
	at org.testng.Assert.failNotEquals(Assert.java:512)
	at org.testng.Assert.assertEqualsImpl(Assert.java:134)
	at org.testng.Assert.assertEquals(Assert.java:115)
	at org.testng.Assert.assertEquals(Assert.java:189)
	at org.testng.Assert.assertEquals(Assert.java:199)
	at Example.LogInWithInputInvalidPassword.logInWithInputInvalidPassword1(LogInWithInputInvalidPassword.java:46)
	at Example.ExampleTest.logInWithInputInvalidPassword(ExampleTest.java:71)
	at sun.reflect.NativeMethodAccessorImpl.invoke0(Native Method)
	at sun.reflect.NativeMethodAccessorImpl.invoke(NativeMethodAccessorImpl.java:62)
	at sun.reflect.DelegatingMethodAccessorImpl.invoke(DelegatingMethodAccessorImpl.java:43)
	at java.lang.reflect.Method.invoke(Method.java:498)
	at org.testng.internal.MethodInvocationHelper.invokeMethod(MethodInvocationHelper.java:108)
	at org.testng.internal.Invoker.invokeMethod(Invoker.java:661)
	at org.testng.internal.Invoker.invokeTestMethod(Invoker.java:869)
	at org.testng.internal.Invoker.invokeTestMethods(Invoker.java:1193)
	at org.testng.internal.TestMethodWorker.invokeTestMethods(TestMethodWorker.java:126)
	at org.testng.internal.TestMethodWorker.run(TestMethodWorker.java:109)
	at org.testng.TestRunner.privateRun(TestRunner.java:744)
	at org.testng.TestRunner.run(TestRunner.java:602)
	at org.testng.SuiteRunner.runTest(SuiteRunner.java:380)
	at org.testng.SuiteRunner.access$000(SuiteRunner.java:39)
	at org.testng.SuiteRunner$SuiteWorker.run(SuiteRunner.java:414)
	at org.testng.internal.thread.ThreadUtil$1.call(ThreadUtil.java:52)
	at java.util.concurrent.FutureTask.run(FutureTask.java:266)
	at java.util.concurrent.ThreadPoolExecutor.runWorker(ThreadPoolExecutor.java:1142)
	at java.util.concurrent.ThreadPoolExecutor$Worker.run(ThreadPoolExecutor.java:617)
	at java.lang.Thread.run(Thread.java:745)
]]>
    </failure>
  </testcase> <!-- logInWithInputInvalidPassword -->
  <testcase name="logInWithInputInvalidPhonePressed" time="13.671" classname="Example.ExampleTest"/>
  <testcase name="logInWithoutInputPassword" time="21.877" classname="Example.ExampleTest"/>
  <testcase name="logInWithVoidValuePressedRadioButtonPhone" time="10.253" classname="Example.ExampleTest"/>
  <testcase name="formlogInWithClickLinkImageDns1" time="14.406" classname="Example.ExampleTest"/>
  <testcase name="logInWithoutInputEmail" time="11.302" classname="Example.ExampleTest"/>
  <testcase name="formlogInWithClickLinkRegistration" time="12.566" classname="Example.ExampleTest"/>
  <testcase name="LogInWithInputInvalidPasswordPressedRadioButtonPhone" time="18.009" classname="Example.ExampleTest"/>
  <testcase name="formlogInWithClickLinkImageDns2" time="14.578" classname="Example.ExampleTest"/>
  <testcase name="logInLogOut" time="17.524" classname="Example.ExampleTest"/>
  <testcase name="formlogInWithClickLinkForgotPassword" time="11.925" classname="Example.ExampleTest"/>
  <testcase name="logInWithVoidValue" time="10.182" classname="Example.ExampleTest"/>
  <testcase name="logInWithInputInvalidEmal" time="9.485" classname="Example.ExampleTest"/>
</testsuite> <!-- Example.ExampleTest -->
