<?xml version="1.0" encoding="UTF-8"?>
<!-- Generated by org.testng.reporters.JUnitReportReporter -->
<testsuite skipped="0" hostname="Administrator" name="Example.ExampleTest" tests="18" failures="1" timestamp="19 апр 2017 14:37:30 GMT" time="243.919" errors="0">
  <testcase name="LogInWithInputInvalidPasswordPressedRadioButtonPhone" time="16.880" classname="Example.ExampleTest">
    <failure type="java.lang.AssertionError" message="expected [] but found [Ошибка! Неправильная пара логин или пароль]">
      <![CDATA[java.lang.AssertionError: expected [] but found [Ошибка! Неправильная пара логин или пароль]
	at org.testng.Assert.fail(Assert.java:93)
	at org.testng.Assert.failNotEquals(Assert.java:512)
	at org.testng.Assert.assertEqualsImpl(Assert.java:134)
	at org.testng.Assert.assertEquals(Assert.java:115)
	at org.testng.Assert.assertEquals(Assert.java:189)
	at org.testng.Assert.assertEquals(Assert.java:199)
	at Example.LogInWithInputInvalidPasswordPressedRadioButtonPhone.logInWithInputInvalidPassword1(LogInWithInputInvalidPasswordPressedRadioButtonPhone.java:52)
	at Example.ExampleTest.LogInWithInputInvalidPasswordPressedRadioButtonPhone(ExampleTest.java:141)
	at sun.reflect.NativeMethodAccessorImpl.invoke0(Native Method)
	at sun.reflect.NativeMethodAccessorImpl.invoke(NativeMethodAccessorImpl.java:62)
	at sun.reflect.DelegatingMethodAccessorImpl.invoke(DelegatingMethodAccessorImpl.java:43)
	at java.lang.reflect.Method.invoke(Method.java:498)
	at org.testng.internal.MethodInvocationHelper.invokeMethod(MethodInvocationHelper.java:108)
	at org.testng.internal.Invoker.invokeMethod(Invoker.java:661)
	at org.testng.internal.Invoker.invokeTestMethod(Invoker.java:869)
	at org.testng.internal.Invoker.invokeTestMethods(Invoker.java:1193)
	at org.testng.internal.TestMethodWorker.invokeTestMethods(TestMethodWorker.java:126)
	at org.testng.internal.TestMethodWorker.run(TestMethodWorker.java:109)
	at org.testng.TestRunner.privateRun(TestRunner.java:744)
	at org.testng.TestRunner.run(TestRunner.java:602)
	at org.testng.SuiteRunner.runTest(SuiteRunner.java:380)
	at org.testng.SuiteRunner.access$000(SuiteRunner.java:39)
	at org.testng.SuiteRunner$SuiteWorker.run(SuiteRunner.java:414)
	at org.testng.internal.thread.ThreadUtil$1.call(ThreadUtil.java:52)
	at java.util.concurrent.FutureTask.run(FutureTask.java:266)
	at java.util.concurrent.ThreadPoolExecutor.runWorker(ThreadPoolExecutor.java:1142)
	at java.util.concurrent.ThreadPoolExecutor$Worker.run(ThreadPoolExecutor.java:617)
	at java.lang.Thread.run(Thread.java:745)
]]>
    </failure>
  </testcase> <!-- LogInWithInputInvalidPasswordPressedRadioButtonPhone -->
  <testcase name="logInLogOut" time="20.817" classname="Example.ExampleTest"/>
  <testcase name="logInWithoutInputEmail" time="10.877" classname="Example.ExampleTest"/>
  <testcase name="logInWithoutInputPasswordPressedRadioButtonPhone" time="12.314" classname="Example.ExampleTest"/>
  <testcase name="formlogInWithClickLinkImageDns3" time="16.715" classname="Example.ExampleTest"/>
  <testcase name="logInWithoutInputPassword" time="11.715" classname="Example.ExampleTest"/>
  <testcase name="formlogInWithClickLinkRegistration" time="12.211" classname="Example.ExampleTest"/>
  <testcase name="logInWithInputInvalidPhonePressed" time="11.763" classname="Example.ExampleTest"/>
  <testcase name="logInWithShowPassword" time="9.909" classname="Example.ExampleTest"/>
  <testcase name="logInWithVoidValuePressedRadioButtonPhone" time="10.464" classname="Example.ExampleTest"/>
  <testcase name="formlogInWithClickLinkImageDns1" time="15.791" classname="Example.ExampleTest"/>
  <testcase name="formlogInWithClickLinkForgotPassword" time="12.925" classname="Example.ExampleTest"/>
  <testcase name="formlogInWithClickLinkImageDns4" time="14.318" classname="Example.ExampleTest"/>
  <testcase name="logInWithInputInvalidEmal" time="14.357" classname="Example.ExampleTest"/>
  <testcase name="logInWithVoidValue" time="10.853" classname="Example.ExampleTest"/>
  <testcase name="logInWithInputInvalidPassword" time="16.568" classname="Example.ExampleTest"/>
  <testcase name="formlogInWithClickLinkImageDns2" time="15.646" classname="Example.ExampleTest"/>
  <testcase name="logInWithoutInputPhone" time="9.796" classname="Example.ExampleTest"/>
</testsuite> <!-- Example.ExampleTest -->
